04:26:20.502 [main] INFO  testCases.TC_002_LoginFunctionalityTest - **** Login link clicked *****
04:26:20.676 [main] INFO  testCases.TC_002_LoginFunctionalityTest - **** Data entered successfully *****
04:26:21.763 [main] INFO  testCases.TC_002_LoginFunctionalityTest - **** Login button clicked *****
04:26:23.379 [main] INFO  testCases.TC_002_LoginFunctionalityTest - **** Finished TC_003_LoginDDT *****
04:26:51.856 [main] INFO  testCases.TC_002_LoginFunctionalityTest - **** Started TC_003_LoginDDT *****
04:26:52.933 [main] INFO  testCases.TC_002_LoginFunctionalityTest - **** Login link clicked *****
04:26:53.096 [main] INFO  testCases.TC_002_LoginFunctionalityTest - **** Data entered successfully *****
04:26:54.183 [main] INFO  testCases.TC_002_LoginFunctionalityTest - **** Login button clicked *****
04:26:55.252 [main] INFO  testCases.TC_002_LoginFunctionalityTest - **** Finished TC_003_LoginDDT *****
04:26:55.266 [main] INFO  testCases.TC_002_LoginFunctionalityTest - **** Started TC_003_LoginDDT *****
04:26:55.966 [main] INFO  testCases.TC_002_LoginFunctionalityTest - **** Login link clicked *****
04:26:56.099 [main] INFO  testCases.TC_002_LoginFunctionalityTest - **** Data entered successfully *****
04:26:56.531 [main] INFO  testCases.TC_002_LoginFunctionalityTest - **** Login button clicked *****
04:27:06.798 [main] INFO  testCases.TC_002_LoginFunctionalityTest - **** Finished TC_003_LoginDDT *****
04:27:06.802 [main] INFO  testCases.TC_002_LoginFunctionalityTest - **** Started TC_003_LoginDDT *****
04:27:07.426 [main] INFO  testCases.TC_002_LoginFunctionalityTest - **** Login link clicked *****
04:27:07.585 [main] INFO  testCases.TC_002_LoginFunctionalityTest - **** Data entered successfully *****
04:27:08.250 [main] INFO  testCases.TC_002_LoginFunctionalityTest - **** Login button clicked *****
04:27:18.274 [main] INFO  testCases.TC_002_LoginFunctionalityTest - **** Finished TC_003_LoginDDT *****
04:27:18.278 [main] INFO  testCases.TC_002_LoginFunctionalityTest - **** Started TC_003_LoginDDT *****
04:27:18.886 [main] INFO  testCases.TC_002_LoginFunctionalityTest - **** Login link clicked *****
04:27:19.041 [main] INFO  testCases.TC_002_LoginFunctionalityTest - **** Data entered successfully *****
04:27:20.215 [main] INFO  testCases.TC_002_LoginFunctionalityTest - **** Login button clicked *****
04:27:21.314 [main] INFO  testCases.TC_002_LoginFunctionalityTest - **** Finished TC_003_LoginDDT *****
04:28:18.847 [main] INFO  testCases.TC_002_LoginFunctionalityTest - **** Started TC_003_LoginDDT *****
04:28:19.550 [main] INFO  testCases.TC_002_LoginFunctionalityTest - **** Login link clicked *****
04:28:19.715 [main] INFO  testCases.TC_002_LoginFunctionalityTest - **** Data entered successfully *****
04:28:20.737 [main] INFO  testCases.TC_002_LoginFunctionalityTest - **** Login button clicked *****
04:28:21.917 [main] INFO  testCases.TC_002_LoginFunctionalityTest - **** Finished TC_003_LoginDDT *****
04:28:21.924 [main] INFO  testCases.TC_002_LoginFunctionalityTest - **** Started TC_003_LoginDDT *****
04:28:22.583 [main] INFO  testCases.TC_002_LoginFunctionalityTest - **** Login link clicked *****
04:28:22.721 [main] INFO  testCases.TC_002_LoginFunctionalityTest - **** Data entered successfully *****
04:28:23.157 [main] INFO  testCases.TC_002_LoginFunctionalityTest - **** Login button clicked *****
04:28:33.424 [main] INFO  testCases.TC_002_LoginFunctionalityTest - **** Finished TC_003_LoginDDT *****
04:28:33.427 [main] INFO  testCases.TC_002_LoginFunctionalityTest - **** Started TC_003_LoginDDT *****
04:28:34.039 [main] INFO  testCases.TC_002_LoginFunctionalityTest - **** Login link clicked *****
04:28:34.207 [main] INFO  testCases.TC_002_LoginFunctionalityTest - **** Data entered successfully *****
04:28:34.881 [main] INFO  testCases.TC_002_LoginFunctionalityTest - **** Login button clicked *****
04:28:44.983 [main] INFO  testCases.TC_002_LoginFunctionalityTest - **** Finished TC_003_LoginDDT *****
04:28:44.987 [main] INFO  testCases.TC_002_LoginFunctionalityTest - **** Started TC_003_LoginDDT *****
04:28:45.595 [main] INFO  testCases.TC_002_LoginFunctionalityTest - **** Login link clicked *****
04:28:45.755 [main] INFO  testCases.TC_002_LoginFunctionalityTest - **** Data entered successfully *****
04:28:46.774 [main] INFO  testCases.TC_002_LoginFunctionalityTest - **** Login button clicked *****
04:32:19.564 [main] INFO  testCases.TC_002_LoginFunctionalityTest - **** Started TC_003_LoginDDT *****
04:32:20.226 [main] INFO  testCases.TC_002_LoginFunctionalityTest - **** Login link clicked *****
04:32:20.381 [main] INFO  testCases.TC_002_LoginFunctionalityTest - **** Data entered successfully *****
04:32:21.366 [main] INFO  testCases.TC_002_LoginFunctionalityTest - **** Login button clicked *****
04:32:22.639 [main] INFO  testCases.TC_002_LoginFunctionalityTest - **** Finished TC_003_LoginDDT *****
04:32:22.648 [main] INFO  testCases.TC_002_LoginFunctionalityTest - **** Started TC_003_LoginDDT *****
