11:04:55.821 [main] INFO  testCases.TC_001_AccountRegistrationTest - gender clicked successfully
11:04:56.291 [main] INFO  testCases.TC_001_AccountRegistrationTest - all details are entered successfully
11:04:57.496 [main] INFO  testCases.TC_001_AccountRegistrationTest - Registration button clicked successfully
11:04:57.550 [main] INFO  testCases.TC_001_AccountRegistrationTest - verification started .....
11:04:57.551 [main] INFO  testCases.TC_001_AccountRegistrationTest - test passed .....
11:04:57.584 [main] INFO  testCases.TC_001_AccountRegistrationTest - ****Finished TC_001_AccountRegistrationTest ****
11:05:41.069 [main] INFO  testCases.TC_001_AccountRegistrationTest - ****starting TC_001_AccountRegistrationTest ****
11:05:41.845 [main] INFO  testCases.TC_001_AccountRegistrationTest - clicked on registration link
11:05:41.969 [main] INFO  testCases.TC_001_AccountRegistrationTest - gender clicked successfully
11:05:42.519 [main] INFO  testCases.TC_001_AccountRegistrationTest - all details are entered successfully
11:05:43.861 [main] INFO  testCases.TC_001_AccountRegistrationTest - Registration button clicked successfully
11:05:43.928 [main] INFO  testCases.TC_001_AccountRegistrationTest - verification started .....
11:05:43.928 [main] INFO  testCases.TC_001_AccountRegistrationTest - test passed .....
11:05:43.957 [main] INFO  testCases.TC_001_AccountRegistrationTest - ****Finished TC_001_AccountRegistrationTest ****
04:50:31.086 [main] INFO  testCases.TC_001_AccountRegistrationTest - ****starting TC_001_AccountRegistrationTest ****
04:50:56.583 [main] INFO  testCases.TC_001_AccountRegistrationTest - clicked on registration link
04:50:56.663 [main] INFO  testCases.TC_001_AccountRegistrationTest - gender clicked successfully
04:50:57.114 [main] INFO  testCases.TC_001_AccountRegistrationTest - all details are entered successfully
04:52:04.248 [main] INFO  testCases.TC_001_AccountRegistrationTest - Registration button clicked successfully
04:52:04.287 [main] INFO  testCases.TC_001_AccountRegistrationTest - verification started .....
04:52:04.288 [main] INFO  testCases.TC_001_AccountRegistrationTest - test passed .....
04:52:04.317 [main] INFO  testCases.TC_001_AccountRegistrationTest - ****Finished TC_001_AccountRegistrationTest ****
05:02:00.839 [main] INFO  testCases.TC_001_AccountRegistrationTest - ****starting TC_001_AccountRegistrationTest ****
05:02:24.402 [main] INFO  testCases.TC_001_AccountRegistrationTest - clicked on registration link
05:02:24.484 [main] INFO  testCases.TC_001_AccountRegistrationTest - gender clicked successfully
05:02:24.871 [main] INFO  testCases.TC_001_AccountRegistrationTest - all details are entered successfully
05:03:21.939 [main] INFO  testCases.TC_001_AccountRegistrationTest - Registration button clicked successfully
05:03:22.001 [main] INFO  testCases.TC_001_AccountRegistrationTest - verification started .....
05:03:22.002 [main] INFO  testCases.TC_001_AccountRegistrationTest - test passed .....
05:03:22.039 [main] INFO  testCases.TC_001_AccountRegistrationTest - ****Finished TC_001_AccountRegistrationTest ****
05:27:40.997 [main] INFO  testCases.TC_001_AccountRegistrationTest - ****starting TC_001_AccountRegistrationTest ****
05:27:55.050 [main] INFO  testCases.TC_001_AccountRegistrationTest - clicked on registration link
05:27:55.125 [main] INFO  testCases.TC_001_AccountRegistrationTest - gender clicked successfully
05:27:55.531 [main] INFO  testCases.TC_001_AccountRegistrationTest - all details are entered successfully
05:27:58.855 [main] INFO  testCases.TC_001_AccountRegistrationTest - Registration button clicked successfully
05:27:58.888 [main] INFO  testCases.TC_001_AccountRegistrationTest - verification started .....
05:27:58.889 [main] INFO  testCases.TC_001_AccountRegistrationTest - test passed .....
05:27:58.916 [main] INFO  testCases.TC_001_AccountRegistrationTest - ****Finished TC_001_AccountRegistrationTest ****
