10:47:49.236 [main] INFO  testCases.TC_001_AccountRegistrationTest - gender clicked successfully
10:47:49.661 [main] INFO  testCases.TC_001_AccountRegistrationTest - all details are entered successfully
10:47:51.136 [main] INFO  testCases.TC_001_AccountRegistrationTest - Registration button clicked successfully
10:47:51.247 [main] INFO  testCases.TC_001_AccountRegistrationTest - verification started .....
10:47:51.249 [main] INFO  testCases.TC_001_AccountRegistrationTest - test passed .....
10:47:51.358 [main] INFO  testCases.TC_001_AccountRegistrationTest - ****Finished TC_001_AccountRegistrationTest ****
10:48:32.108 [main] INFO  testCases.TC_001_AccountRegistrationTest - ****starting TC_001_AccountRegistrationTest ****
10:48:32.970 [main] INFO  testCases.TC_001_AccountRegistrationTest - clicked on registration link
10:48:33.136 [main] INFO  testCases.TC_001_AccountRegistrationTest - gender clicked successfully
10:48:33.620 [main] INFO  testCases.TC_001_AccountRegistrationTest - all details are entered successfully
10:48:34.959 [main] INFO  testCases.TC_001_AccountRegistrationTest - Registration button clicked successfully
10:48:35.074 [main] INFO  testCases.TC_001_AccountRegistrationTest - verification started .....
10:48:35.074 [main] INFO  testCases.TC_001_AccountRegistrationTest - test passed .....
10:48:35.177 [main] INFO  testCases.TC_001_AccountRegistrationTest - ****Finished TC_001_AccountRegistrationTest ****
10:50:02.112 [main] INFO  testCases.TC_001_AccountRegistrationTest - ****starting TC_001_AccountRegistrationTest ****
10:50:02.946 [main] INFO  testCases.TC_001_AccountRegistrationTest - clicked on registration link
10:50:03.091 [main] INFO  testCases.TC_001_AccountRegistrationTest - gender clicked successfully
10:50:03.504 [main] INFO  testCases.TC_001_AccountRegistrationTest - all details are entered successfully
10:50:04.865 [main] INFO  testCases.TC_001_AccountRegistrationTest - Registration button clicked successfully
10:50:04.983 [main] INFO  testCases.TC_001_AccountRegistrationTest - verification started .....
10:50:04.984 [main] INFO  testCases.TC_001_AccountRegistrationTest - test passed .....
10:50:05.058 [main] INFO  testCases.TC_001_AccountRegistrationTest - ****Finished TC_001_AccountRegistrationTest ****
10:51:40.333 [main] INFO  testCases.TC_001_AccountRegistrationTest - ****starting TC_001_AccountRegistrationTest ****
10:51:41.187 [main] INFO  testCases.TC_001_AccountRegistrationTest - clicked on registration link
10:51:41.337 [main] INFO  testCases.TC_001_AccountRegistrationTest - gender clicked successfully
10:51:41.737 [main] INFO  testCases.TC_001_AccountRegistrationTest - all details are entered successfully
10:51:42.981 [main] INFO  testCases.TC_001_AccountRegistrationTest - Registration button clicked successfully
10:51:43.098 [main] INFO  testCases.TC_001_AccountRegistrationTest - verification started .....
10:51:43.099 [main] INFO  testCases.TC_001_AccountRegistrationTest - test passed .....
10:51:43.206 [main] INFO  testCases.TC_001_AccountRegistrationTest - ****Finished TC_001_AccountRegistrationTest ****
11:01:00.781 [main] INFO  testCases.TC_001_AccountRegistrationTest - ****starting TC_001_AccountRegistrationTest ****
11:01:01.689 [main] INFO  testCases.TC_001_AccountRegistrationTest - clicked on registration link
11:01:01.854 [main] INFO  testCases.TC_001_AccountRegistrationTest - gender clicked successfully
11:01:02.270 [main] INFO  testCases.TC_001_AccountRegistrationTest - all details are entered successfully
11:01:03.599 [main] INFO  testCases.TC_001_AccountRegistrationTest - Registration button clicked successfully
11:01:03.715 [main] INFO  testCases.TC_001_AccountRegistrationTest - verification started .....
11:01:03.715 [main] INFO  testCases.TC_001_AccountRegistrationTest - test passed .....
11:01:03.745 [main] INFO  testCases.TC_001_AccountRegistrationTest - ****Finished TC_001_AccountRegistrationTest ****
11:03:46.403 [main] INFO  testCases.TC_001_AccountRegistrationTest - ****starting TC_001_AccountRegistrationTest ****
11:03:47.279 [main] INFO  testCases.TC_001_AccountRegistrationTest - clicked on registration link
11:03:47.391 [main] INFO  testCases.TC_001_AccountRegistrationTest - gender clicked successfully
11:03:47.872 [main] INFO  testCases.TC_001_AccountRegistrationTest - all details are entered successfully
11:03:49.163 [main] INFO  testCases.TC_001_AccountRegistrationTest - Registration button clicked successfully
11:03:49.265 [main] INFO  testCases.TC_001_AccountRegistrationTest - verification started .....
11:03:49.266 [main] INFO  testCases.TC_001_AccountRegistrationTest - test passed .....
11:03:49.316 [main] INFO  testCases.TC_001_AccountRegistrationTest - ****Finished TC_001_AccountRegistrationTest ****
11:04:54.613 [main] INFO  testCases.TC_001_AccountRegistrationTest - ****starting TC_001_AccountRegistrationTest ****
11:04:55.651 [main] INFO  testCases.TC_001_AccountRegistrationTest - clicked on registration link
